<?xml version="1.0" encoding="utf-8"?><testsuites name="pytest tests"><testsuite name="pytest" errors="0" failures="0" skipped="0" tests="44" time="6.130" timestamp="2026-07-25T01:07:20.686368+00:00" hostname="agent-env-fb4de412-5b43-4f99-9ff8-3b60f0a8dd15"><testcase classname="tests.backend_test.TestListings" name="test_list_all_seeded" time="0.152" /><testcase classname="tests.backend_test.TestListings" name="test_filter_borough" time="0.226" /><testcase classname="tests.backend_test.TestAdmin" name="test_summary" time="0.428" /><testcase classname="tests.backend_test.TestListings" name="test_filter_vehicle_type" time="0.045" /><testcase classname="tests.backend_test.TestListings" name="test_filter_fuel" time="0.046" /><testcase classname="tests.backend_test.TestAdmin" name="test_admin_lists[leads]" time="0.050" /><testcase classname="tests.backend_test.TestListings" name="test_filter_max_budget" time="0.045" /><testcase classname="tests.backend_test.TestAdmin" name="test_admin_lists[applications]" time="0.049" /><testcase classname="tests.backend_test.TestListings" name="test_filter_breakdown" time="0.045" /><testcase classname="tests.backend_test.TestAdmin" name="test_admin_lists[interests]" time="0.050" /><testcase classname="tests.backend_test.TestListings" name="test_sort_price_asc" time="0.045" /><testcase classname="tests.backend_test.TestAdmin" name="test_admin_lists[users]" time="0.050" /><testcase classname="tests.backend_test.TestListings" name="test_sort_price_desc" time="0.048" /><testcase classname="tests.backend_test.TestAdmin" name="test_admin_lists[events]" time="0.053" /><testcase classname="tests.backend_test.TestListings" name="test_sort_rating" time="0.049" /><testcase classname="tests.backend_test.TestAdmin" name="test_non_admin_forbidden" time="0.586" /><testcase classname="tests.backend_test.TestListings" name="test_get_listing_by_id_and_records_view" time="1.228" /><testcase classname="tests.backend_test.TestAdmin" name="test_admin_unauth" time="0.099" /><testcase classname="tests.backend_test.TestAdmin" name="test_export_csv" time="0.052" /><testcase classname="tests.backend_test.TestAdmin" name="test_export_bad_collection" time="0.047" /><testcase classname="tests.test_trend_analytics" name="test_analytics_has_trend_with_14_entries" time="0.431" /><testcase classname="tests.test_trend_analytics" name="test_analytics_still_has_funnel_and_sources" time="0.103" /><testcase classname="tests.backend_test.TestListings" name="test_get_listing_404" time="0.056" /><testcase classname="tests.test_trend_analytics" name="test_operator_interest_creates_lead_source" time="0.430" /><testcase classname="tests.test_city_analytics.TestAdminAnalytics" name="test_analytics_shape" time="0.370" /><testcase classname="tests.test_city_analytics.TestAdminAnalytics" name="test_analytics_requires_auth" time="0.137" /><testcase classname="tests.test_trend_analytics" name="test_driver_register_creates_lead_source" time="0.662" /><testcase classname="tests.test_city_analytics.TestAdminAnalytics" name="test_analytics_non_admin_forbidden" time="0.551" /><testcase classname="tests.test_city_analytics.TestAdminAnalytics" name="test_admin_city_requests_list" time="0.063" /><testcase classname="tests.backend_test.TestApplications" name="test_create_application_and_list_mine" time="0.230" /><testcase classname="tests.test_city_analytics.TestAdminAnalytics" name="test_admin_export_city_requests_csv" time="0.047" /><testcase classname="tests.test_city_analytics.TestCityFilter" name="test_london_returns_12_and_city_field" time="0.098" /><testcase classname="tests.test_city_analytics.TestCityFilter" name="test_manchester_returns_zero" time="0.093" /><testcase classname="tests.backend_test.TestApplications" name="test_profile_reuse_and_duration_weeks" time="0.499" /><testcase classname="tests.test_city_analytics.TestCityFilter" name="test_london_electric_filter" time="0.303" /><testcase classname="tests.backend_test.TestQuote" name="test_quote_returns_three" time="0.045" /><testcase classname="tests.backend_test.TestQuote" name="test_quote_with_listing" time="0.096" /><testcase classname="tests.backend_test.TestInterestStats" name="test_interest" time="0.045" /><testcase classname="tests.backend_test.TestApplications" name="test_anonymous_application_ok" time="0.133" /><testcase classname="tests.backend_test.TestInterestStats" name="test_stats" time="0.052" /><testcase classname="tests.backend_test.TestAuth" name="test_register_login_me_logout" time="1.519" /><testcase classname="tests.test_city_analytics.TestCityInterest" name="test_city_interest_creates_request_and_lead" time="0.667" /><testcase classname="tests.test_city_analytics.TestCityInterest" name="test_city_demand_aggregates_manchester" time="0.346" /><testcase classname="tests.backend_test.TestAuth" name="test_me_unauth" time="0.096" /></testsuite></testsuites>