<?xml version="1.0" encoding="utf-8"?><testsuites name="pytest tests"><testsuite name="pytest" errors="0" failures="0" skipped="0" tests="28" time="3.970" timestamp="2026-07-24T23:19:11.113700+00:00" hostname="agent-env-fb4de412-5b43-4f99-9ff8-3b60f0a8dd15"><testcase classname="tests.backend_test.TestListings" name="test_list_all_seeded" time="0.516" /><testcase classname="tests.backend_test.TestAdmin" name="test_summary" time="0.558" /><testcase classname="tests.backend_test.TestListings" name="test_filter_borough" time="0.051" /><testcase classname="tests.backend_test.TestAdmin" name="test_admin_lists[leads]" time="0.086" /><testcase classname="tests.backend_test.TestListings" name="test_filter_vehicle_type" time="0.044" /><testcase classname="tests.backend_test.TestListings" name="test_filter_fuel" time="0.047" /><testcase classname="tests.backend_test.TestAdmin" name="test_admin_lists[applications]" time="0.086" /><testcase classname="tests.backend_test.TestListings" name="test_filter_max_budget" time="0.046" /><testcase classname="tests.backend_test.TestListings" name="test_filter_breakdown" time="0.047" /><testcase classname="tests.backend_test.TestAdmin" name="test_admin_lists[interests]" time="0.043" /><testcase classname="tests.backend_test.TestListings" name="test_sort_price_asc" time="0.046" /><testcase classname="tests.backend_test.TestAdmin" name="test_admin_lists[users]" time="0.084" /><testcase classname="tests.backend_test.TestListings" name="test_sort_price_desc" time="0.103" /><testcase classname="tests.backend_test.TestAdmin" name="test_admin_lists[events]" time="0.047" /><testcase classname="tests.backend_test.TestListings" name="test_sort_rating" time="0.046" /><testcase classname="tests.backend_test.TestListings" name="test_get_listing_by_id_and_records_view" time="1.142" /><testcase classname="tests.backend_test.TestAdmin" name="test_non_admin_forbidden" time="0.666" /><testcase classname="tests.backend_test.TestAdmin" name="test_admin_unauth" time="0.098" /><testcase classname="tests.backend_test.TestAdmin" name="test_export_csv" time="0.050" /><testcase classname="tests.backend_test.TestAdmin" name="test_export_bad_collection" time="0.046" /><testcase classname="tests.backend_test.TestAuth" name="test_register_login_me_logout" time="1.456" /><testcase classname="tests.backend_test.TestListings" name="test_get_listing_404" time="0.087" /><testcase classname="tests.backend_test.TestQuote" name="test_quote_returns_three" time="0.223" /><testcase classname="tests.backend_test.TestQuote" name="test_quote_with_listing" time="0.098" /><testcase classname="tests.backend_test.TestApplications" name="test_create_application_and_list_mine" time="0.724" /><testcase classname="tests.backend_test.TestAuth" name="test_me_unauth" time="0.094" /><testcase classname="tests.backend_test.TestInterestStats" name="test_interest" time="0.095" /><testcase classname="tests.backend_test.TestInterestStats" name="test_stats" time="0.045" /></testsuite></testsuites>