<?xml version="1.0" encoding="utf-8"?><testsuites name="pytest tests"><testsuite name="pytest" errors="0" failures="0" skipped="0" tests="28" time="3.968" timestamp="2026-07-24T23:53:37.952229+00:00" hostname="agent-env-fb4de412-5b43-4f99-9ff8-3b60f0a8dd15"><testcase classname="tests.backend_test.TestListings" name="test_list_all_seeded" time="0.489" /><testcase classname="tests.backend_test.TestAdmin" name="test_summary" time="0.536" /><testcase classname="tests.backend_test.TestListings" name="test_filter_borough" time="0.050" /><testcase classname="tests.backend_test.TestAdmin" name="test_admin_lists[leads]" time="0.047" /><testcase classname="tests.backend_test.TestListings" name="test_filter_vehicle_type" time="0.051" /><testcase classname="tests.backend_test.TestAdmin" name="test_admin_lists[applications]" time="0.133" /><testcase classname="tests.backend_test.TestListings" name="test_filter_fuel" time="0.057" /><testcase classname="tests.backend_test.TestListings" name="test_filter_max_budget" time="0.051" /><testcase classname="tests.backend_test.TestListings" name="test_filter_breakdown" time="0.050" /><testcase classname="tests.backend_test.TestAdmin" name="test_admin_lists[interests]" time="0.090" /><testcase classname="tests.backend_test.TestListings" name="test_sort_price_asc" time="0.048" /><testcase classname="tests.backend_test.TestListings" name="test_sort_price_desc" time="0.054" /><testcase classname="tests.backend_test.TestAdmin" name="test_admin_lists[users]" time="0.046" /><testcase classname="tests.backend_test.TestListings" name="test_sort_rating" time="0.055" /><testcase classname="tests.backend_test.TestAdmin" name="test_admin_lists[events]" time="0.051" /><testcase classname="tests.backend_test.TestListings" name="test_get_listing_by_id_and_records_view" time="1.229" /><testcase classname="tests.backend_test.TestAdmin" name="test_non_admin_forbidden" time="0.634" /><testcase classname="tests.backend_test.TestAdmin" name="test_admin_unauth" time="0.160" /><testcase classname="tests.backend_test.TestAdmin" name="test_export_csv" time="0.052" /><testcase classname="tests.backend_test.TestAdmin" name="test_export_bad_collection" time="0.048" /><testcase classname="tests.backend_test.TestAuth" name="test_register_login_me_logout" time="1.400" /><testcase classname="tests.backend_test.TestListings" name="test_get_listing_404" time="0.048" /><testcase classname="tests.backend_test.TestQuote" name="test_quote_returns_three" time="0.270" /><testcase classname="tests.backend_test.TestQuote" name="test_quote_with_listing" time="0.097" /><testcase classname="tests.backend_test.TestApplications" name="test_create_application_and_list_mine" time="0.692" /><testcase classname="tests.backend_test.TestAuth" name="test_me_unauth" time="0.095" /><testcase classname="tests.backend_test.TestInterestStats" name="test_interest" time="0.097" /><testcase classname="tests.backend_test.TestInterestStats" name="test_stats" time="0.047" /></testsuite></testsuites>